<?xml version="1.0" encoding="UTF-8"?>
<testsuite xmlns:xsi="http://www.w3.org/2001/XMLSchema-instance" xsi:noNamespaceSchemaLocation="https://maven.apache.org/surefire/maven-surefire-plugin/xsd/surefire-test-report-3.0.xsd" version="3.0" name="com.myapp.controller.AuthControllerTest" time="4.725" tests="12" errors="0" skipped="0" failures="0">
  <properties>
[...]
</properties>
  <testcase name="loginUser_withEmptyUsername_shouldReturnBadRequest" classname="com.myapp.controller.AuthControllerTest" time="0.488">
    <system-out><![CDATA[10:55:47.446 [main] INFO org.springframework.test.context.support.AnnotationConfigContextLoaderUtils -- Could not detect default configuration classes for test class [com.myapp.controller.AuthControllerTest]: AuthControllerTest does not declare any static, non-private, non-final, nested classes annotated with @Configuration.
10:55:47.541 [main] INFO org.springframework.boot.test.context.SpringBootTestContextBootstrapper -- Found @SpringBootConfiguration com.myapp.Application for test class com.myapp.controller.AuthControllerTest

  .   ____          _            __ _ _
 /\\ / ___'_ __ _ _(_)_ __  __ _ \ \ \ \
( ( )\___ | '_ | '_| | '_ \/ _` | \ \ \ \
 \\/  ___)| |_)| | | | | || (_| |  ) ) ) )
  '  |____| .__|_| |_|_| |_\__, | / / / /
 =========|_|==============|___/=/_/_/_/
 :: Spring Boot ::                (v3.2.5)

2026-04-09 10:55:47 - Starting AuthControllerTest using Java 21.0.9 with PID 17564 (started by Sabri in C:\Users\Sabri\Desktop\backend-sp)
2026-04-09 10:55:47 - Running with Spring Boot v3.2.5, Spring v6.1.6
2026-04-09 10:55:47 - The following 1 profile is active: "test"
2026-04-09 10:55:48 - Bootstrapping Spring Data JPA repositories in DEFAULT mode.
2026-04-09 10:55:48 - Finished Spring Data repository scanning in 33 ms. Found 2 JPA repository interfaces.
2026-04-09 10:55:48 - HikariPool-1 - Starting...
2026-04-09 10:55:48 - HikariPool-1 - Added connection com.mysql.cj.jdbc.ConnectionImpl@509a6095
2026-04-09 10:55:48 - HikariPool-1 - Start completed.
2026-04-09 10:55:49 - HHH000204: Processing PersistenceUnitInfo [name: default]
2026-04-09 10:55:49 - HHH000412: Hibernate ORM core version 6.4.4.Final
2026-04-09 10:55:49 - HHH000026: Second-level cache disabled
2026-04-09 10:55:49 - No LoadTimeWeaver setup: ignoring JPA class transformer
2026-04-09 10:55:49 - HHH90000025: MySQL8Dialect does not need to be specified explicitly using 'hibernate.dialect' (remove the property setting and it will be selected by default)
2026-04-09 10:55:49 - HHH90000026: MySQL8Dialect has been deprecated; use org.hibernate.dialect.MySQLDialect instead
2026-04-09 10:55:49 - HHH000489: No JTA platform available (set 'hibernate.transaction.jta.platform' to enable JTA platform integration)
2026-04-09 10:55:49 - Initialized JPA EntityManagerFactory for persistence unit 'default'
2026-04-09 10:55:50 - spring.jpa.open-in-view is enabled by default. Therefore, database queries may be performed during view rendering. Explicitly configure spring.jpa.open-in-view to disable this warning
2026-04-09 10:55:50 - Will secure any request with [org.springframework.security.web.session.DisableEncodeUrlFilter@4fe4b8b6, org.springframework.security.web.context.request.async.WebAsyncManagerIntegrationFilter@77da2881, org.springframework.security.web.context.SecurityContextHolderFilter@701996e9, org.springframework.security.web.header.HeaderWriterFilter@253379ec, org.springframework.security.web.authentication.logout.LogoutFilter@535adf36, com.myapp.security.AuthTokenFilter@46aea9f7, org.springframework.security.web.savedrequest.RequestCacheAwareFilter@4e2ad1f2, org.springframework.security.web.servletapi.SecurityContextHolderAwareRequestFilter@2e0de20d, org.springframework.security.web.authentication.AnonymousAuthenticationFilter@4fa3bebe, org.springframework.security.web.session.SessionManagementFilter@7aa5292d, org.springframework.security.web.access.ExceptionTranslationFilter@7154a248, org.springframework.security.web.access.intercept.AuthorizationFilter@79f82fc4]
2026-04-09 10:55:50 - Will secure any request with [org.springframework.security.web.session.DisableEncodeUrlFilter@4e773b8a, org.springframework.security.web.context.request.async.WebAsyncManagerIntegrationFilter@579cfcc4, org.springframework.security.web.context.SecurityContextHolderFilter@3d6c7152, org.springframework.security.web.header.HeaderWriterFilter@282079b9, org.springframework.security.web.csrf.CsrfFilter@7680beac, org.springframework.security.web.authentication.logout.LogoutFilter@56e9126f, com.myapp.config.RateLimitingFilter@102f3f05, org.springframework.security.web.savedrequest.RequestCacheAwareFilter@4e6add8d, org.springframework.security.web.servletapi.SecurityContextHolderAwareRequestFilter@23974cac, org.springframework.security.web.authentication.AnonymousAuthenticationFilter@57eb2555, org.springframework.security.web.access.ExceptionTranslationFilter@7053a864]
2026-04-09 10:55:50 - Filter 'rateLimitingFilter' configured for use
2026-04-09 10:55:50 - Filter 'authTokenFilter' configured for use
2026-04-09 10:55:50 - Initializing Spring TestDispatcherServlet ''
2026-04-09 10:55:50 - Initializing Servlet ''
2026-04-09 10:55:50 - Completed initialization in 1 ms
2026-04-09 10:55:50 - Started AuthControllerTest in 3.274 seconds (process running for 3.961)
Hibernate: 
    select
        u1_0.id,
        u1_0.created_at,
        u1_0.email,
        u1_0.password,
        u1_0.roles,
        u1_0.updated_at,
        u1_0.username 
    from
        users u1_0
Hibernate: 
    delete 
    from
        users 
    where
        id=?
2026-04-09 10:55:51 - Securing POST /api/auth/login
2026-04-09 10:55:51 - Set SecurityContextHolder to anonymous SecurityContext
2026-04-09 10:55:51 - Secured POST /api/auth/login
2026-04-09 10:55:51 - Validation error: {username=Username is required}
]]></system-out>
    <system-err><![CDATA[WARNING: A Java agent has been loaded dynamically (C:\Users\Sabri\.m2\repository\net\bytebuddy\byte-buddy-agent\1.14.13\byte-buddy-agent-1.14.13.jar)
WARNING: If a serviceability tool is in use, please run with -XX:+EnableDynamicAgentLoading to hide this warning
WARNING: If a serviceability tool is not in use, please run with -Djdk.instrument.traceUsage for more information
WARNING: Dynamic loading of agents will be disallowed by default in a future release
]]></system-err>
  </testcase>
  <testcase name="loginUser_withNonExistentUser_shouldReturnUnauthorized" classname="com.myapp.controller.AuthControllerTest" time="0.119">
    <system-out><![CDATA[Hibernate: 
    select
        u1_0.id,
        u1_0.created_at,
        u1_0.email,
        u1_0.password,
        u1_0.roles,
        u1_0.updated_at,
        u1_0.username 
    from
        users u1_0
2026-04-09 10:55:51 - Securing POST /api/auth/login
2026-04-09 10:55:51 - Set SecurityContextHolder to anonymous SecurityContext
2026-04-09 10:55:51 - Secured POST /api/auth/login
2026-04-09 10:55:51 - Login request from IP: 127.0.0.1
2026-04-09 10:55:51 - User login attempt: nonexistent
Hibernate: 
    select
        u1_0.id,
        u1_0.created_at,
        u1_0.email,
        u1_0.password,
        u1_0.roles,
        u1_0.updated_at,
        u1_0.username 
    from
        users u1_0 
    where
        u1_0.username=?
2026-04-09 10:55:51 - Failed to find user 'nonexistent'
2026-04-09 10:55:51 - Bad credentials: Bad credentials
]]></system-out>
  </testcase>
  <testcase name="registerUser_withDuplicateEmail_shouldReturnBadRequest" classname="com.myapp.controller.AuthControllerTest" time="0.078">
    <system-out><![CDATA[Hibernate: 
    select
        u1_0.id,
        u1_0.created_at,
        u1_0.email,
        u1_0.password,
        u1_0.roles,
        u1_0.updated_at,
        u1_0.username 
    from
        users u1_0
Hibernate: 
    insert 
    into
        users
        (created_at, email, password, roles, updated_at, username, id) 
    values
        (?, ?, ?, ?, ?, ?, ?)
2026-04-09 10:55:51 - Securing POST /api/auth/register
2026-04-09 10:55:51 - Set SecurityContextHolder to anonymous SecurityContext
2026-04-09 10:55:51 - Secured POST /api/auth/register
2026-04-09 10:55:51 - Registration request from IP: 127.0.0.1
2026-04-09 10:55:51 - Registering new user: testuser
Hibernate: 
    select
        u1_0.id 
    from
        users u1_0 
    where
        u1_0.username=? 
    limit
        ?
Hibernate: 
    select
        u1_0.id 
    from
        users u1_0 
    where
        u1_0.email=? 
    limit
        ?
2026-04-09 10:55:51 - Runtime error: Email is already in use
]]></system-out>
  </testcase>
  <testcase name="registerUser_withShortPassword_shouldReturnBadRequest" classname="com.myapp.controller.AuthControllerTest" time="0.007">
    <system-out><![CDATA[Hibernate: 
    select
        u1_0.id,
        u1_0.created_at,
        u1_0.email,
        u1_0.password,
        u1_0.roles,
        u1_0.updated_at,
        u1_0.username 
    from
        users u1_0
Hibernate: 
    delete 
    from
        users 
    where
        id=?
2026-04-09 10:55:51 - Securing POST /api/auth/register
2026-04-09 10:55:51 - Set SecurityContextHolder to anonymous SecurityContext
2026-04-09 10:55:51 - Secured POST /api/auth/register
2026-04-09 10:55:51 - Validation error: {password=Password must be between 6 and 100 characters}
]]></system-out>
  </testcase>
  <testcase name="testEndpoint_shouldReturnSuccess" classname="com.myapp.controller.AuthControllerTest" time="0.008">
    <system-out><![CDATA[Hibernate: 
    select
        u1_0.id,
        u1_0.created_at,
        u1_0.email,
        u1_0.password,
        u1_0.roles,
        u1_0.updated_at,
        u1_0.username 
    from
        users u1_0
2026-04-09 10:55:51 - Securing GET /api/auth/test
2026-04-09 10:55:51 - Set SecurityContextHolder to anonymous SecurityContext
2026-04-09 10:55:51 - Secured GET /api/auth/test
]]></system-out>
  </testcase>
  <testcase name="loginUser_withValidCredentials_shouldReturnToken" classname="com.myapp.controller.AuthControllerTest" time="0.145">
    <system-out><![CDATA[Hibernate: 
    select
        u1_0.id,
        u1_0.created_at,
        u1_0.email,
        u1_0.password,
        u1_0.roles,
        u1_0.updated_at,
        u1_0.username 
    from
        users u1_0
Hibernate: 
    insert 
    into
        users
        (created_at, email, password, roles, updated_at, username, id) 
    values
        (?, ?, ?, ?, ?, ?, ?)
2026-04-09 10:55:51 - Securing POST /api/auth/login
2026-04-09 10:55:51 - Set SecurityContextHolder to anonymous SecurityContext
2026-04-09 10:55:51 - Secured POST /api/auth/login
2026-04-09 10:55:51 - Login request from IP: 127.0.0.1
2026-04-09 10:55:51 - User login attempt: testuser
Hibernate: 
    select
        u1_0.id,
        u1_0.created_at,
        u1_0.email,
        u1_0.password,
        u1_0.roles,
        u1_0.updated_at,
        u1_0.username 
    from
        users u1_0 
    where
        u1_0.username=?
2026-04-09 10:55:51 - Authenticated user
]]></system-out>
  </testcase>
  <testcase name="loginUser_withEmptyPassword_shouldReturnBadRequest" classname="com.myapp.controller.AuthControllerTest" time="0.008">
    <system-out><![CDATA[Hibernate: 
    select
        u1_0.id,
        u1_0.created_at,
        u1_0.email,
        u1_0.password,
        u1_0.roles,
        u1_0.updated_at,
        u1_0.username 
    from
        users u1_0
Hibernate: 
    delete 
    from
        users 
    where
        id=?
2026-04-09 10:55:51 - Securing POST /api/auth/login
2026-04-09 10:55:51 - Set SecurityContextHolder to anonymous SecurityContext
2026-04-09 10:55:51 - Secured POST /api/auth/login
2026-04-09 10:55:51 - Validation error: {password=Password is required}
]]></system-out>
  </testcase>
  <testcase name="registerUser_withDuplicateUsername_shouldReturnBadRequest" classname="com.myapp.controller.AuthControllerTest" time="0.057">
    <system-out><![CDATA[Hibernate: 
    select
        u1_0.id,
        u1_0.created_at,
        u1_0.email,
        u1_0.password,
        u1_0.roles,
        u1_0.updated_at,
        u1_0.username 
    from
        users u1_0
Hibernate: 
    insert 
    into
        users
        (created_at, email, password, roles, updated_at, username, id) 
    values
        (?, ?, ?, ?, ?, ?, ?)
2026-04-09 10:55:51 - Securing POST /api/auth/register
2026-04-09 10:55:51 - Set SecurityContextHolder to anonymous SecurityContext
2026-04-09 10:55:51 - Secured POST /api/auth/register
2026-04-09 10:55:51 - Registration request from IP: 127.0.0.1
2026-04-09 10:55:51 - Registering new user: testuser
Hibernate: 
    select
        u1_0.id 
    from
        users u1_0 
    where
        u1_0.username=? 
    limit
        ?
2026-04-09 10:55:51 - Runtime error: Username is already taken
]]></system-out>
  </testcase>
  <testcase name="registerUser_withInvalidEmail_shouldReturnBadRequest" classname="com.myapp.controller.AuthControllerTest" time="0.014">
    <system-out><![CDATA[Hibernate: 
    select
        u1_0.id,
        u1_0.created_at,
        u1_0.email,
        u1_0.password,
        u1_0.roles,
        u1_0.updated_at,
        u1_0.username 
    from
        users u1_0
Hibernate: 
    delete 
    from
        users 
    where
        id=?
2026-04-09 10:55:51 - Securing POST /api/auth/register
2026-04-09 10:55:51 - Set SecurityContextHolder to anonymous SecurityContext
2026-04-09 10:55:51 - Secured POST /api/auth/register
2026-04-09 10:55:51 - Validation error: {email=Email must be valid}
]]></system-out>
  </testcase>
  <testcase name="registerUser_withValidData_shouldReturnCreated" classname="com.myapp.controller.AuthControllerTest" time="0.107">
    <system-out><![CDATA[Hibernate: 
    select
        u1_0.id,
        u1_0.created_at,
        u1_0.email,
        u1_0.password,
        u1_0.roles,
        u1_0.updated_at,
        u1_0.username 
    from
        users u1_0
2026-04-09 10:55:51 - Securing POST /api/auth/register
2026-04-09 10:55:51 - Set SecurityContextHolder to anonymous SecurityContext
2026-04-09 10:55:51 - Secured POST /api/auth/register
2026-04-09 10:55:51 - Registration request from IP: 127.0.0.1
2026-04-09 10:55:51 - Registering new user: testuser
Hibernate: 
    select
        u1_0.id 
    from
        users u1_0 
    where
        u1_0.username=? 
    limit
        ?
Hibernate: 
    select
        u1_0.id 
    from
        users u1_0 
    where
        u1_0.email=? 
    limit
        ?
Hibernate: 
    insert 
    into
        users
        (created_at, email, password, roles, updated_at, username, id) 
    values
        (?, ?, ?, ?, ?, ?, ?)
Hibernate: 
    select
        u1_0.id,
        u1_0.created_at,
        u1_0.email,
        u1_0.password,
        u1_0.roles,
        u1_0.updated_at,
        u1_0.username 
    from
        users u1_0 
    where
        u1_0.username=?
2026-04-09 10:55:51 - Authenticated user
]]></system-out>
  </testcase>
  <testcase name="registerUser_withShortUsername_shouldReturnBadRequest" classname="com.myapp.controller.AuthControllerTest" time="0.008">
    <system-out><![CDATA[Hibernate: 
    select
        u1_0.id,
        u1_0.created_at,
        u1_0.email,
        u1_0.password,
        u1_0.roles,
        u1_0.updated_at,
        u1_0.username 
    from
        users u1_0
Hibernate: 
    delete 
    from
        users 
    where
        id=?
2026-04-09 10:55:51 - Securing POST /api/auth/register
2026-04-09 10:55:51 - Set SecurityContextHolder to anonymous SecurityContext
2026-04-09 10:55:51 - Secured POST /api/auth/register
2026-04-09 10:55:51 - Validation error: {username=Username must be between 3 and 50 characters}
]]></system-out>
  </testcase>
  <testcase name="loginUser_withInvalidPassword_shouldReturnUnauthorized" classname="com.myapp.controller.AuthControllerTest" time="0.108">
    <system-out><![CDATA[Hibernate: 
    select
        u1_0.id,
        u1_0.created_at,
        u1_0.email,
        u1_0.password,
        u1_0.roles,
        u1_0.updated_at,
        u1_0.username 
    from
        users u1_0
Hibernate: 
    insert 
    into
        users
        (created_at, email, password, roles, updated_at, username, id) 
    values
        (?, ?, ?, ?, ?, ?, ?)
2026-04-09 10:55:52 - Securing POST /api/auth/login
2026-04-09 10:55:52 - Set SecurityContextHolder to anonymous SecurityContext
2026-04-09 10:55:52 - Secured POST /api/auth/login
2026-04-09 10:55:52 - Login request from IP: 127.0.0.1
2026-04-09 10:55:52 - User login attempt: testuser
Hibernate: 
    select
        u1_0.id,
        u1_0.created_at,
        u1_0.email,
        u1_0.password,
        u1_0.roles,
        u1_0.updated_at,
        u1_0.username 
    from
        users u1_0 
    where
        u1_0.username=?
2026-04-09 10:55:52 - Failed to authenticate since password does not match stored value
2026-04-09 10:55:52 - Bad credentials: Bad credentials
]]></system-out>
  </testcase>
</testsuite>